[debug] [2023-08-24T09:19:24.440Z] ----------------------------------------------------------------------
[debug] [2023-08-24T09:19:24.445Z] Command:       C:\Program Files\nodejs\node.exe C:\Users\Saddam\AppData\Roaming\npm\node_modules\firebase-tools\lib\bin\firebase.js init
[debug] [2023-08-24T09:19:24.446Z] CLI Version:   12.5.1
[debug] [2023-08-24T09:19:24.447Z] Platform:      win32
[debug] [2023-08-24T09:19:24.448Z] Node Version:  v18.17.0
[debug] [2023-08-24T09:19:24.449Z] Time:          Thu Aug 24 2023 12:19:24 GMT+0300 (East Africa Time)
[debug] [2023-08-24T09:19:24.449Z] ----------------------------------------------------------------------
[debug] 
[debug] [2023-08-24T09:19:24.484Z] > command requires scopes: ["email","openid","https://www.googleapis.com/auth/cloudplatformprojects.readonly","https://www.googleapis.com/auth/firebase","https://www.googleapis.com/auth/cloud-platform"]
[debug] [2023-08-24T09:19:24.486Z] > authorizing via signed-in user (issadeenabdiali@gmail.com)
[info] 
     ######## #### ########  ######## ########     ###     ######  ########
     ##        ##  ##     ## ##       ##     ##  ##   ##  ##       ##
     ######    ##  ########  ######   ########  #########  ######  ######
     ##        ##  ##    ##  ##       ##     ## ##     ##       ## ##
     ##       #### ##     ## ######## ########  ##     ##  ######  ########

You're about to initialize a Firebase project in this directory:

  C:\Users\Saddam\Pictures\23

[info] 
=== Project Setup
[info] 
[info] First, let's associate this project directory with a Firebase project.
[info] You can create multiple project aliases by running firebase use --add, 
[info] but for now we'll just set up a default project.
[info] 
[debug] [2023-08-24T09:20:02.038Z] >>> [apiv2][query] GET https://firebase.googleapis.com/v1beta1/projects pageSize=100
[debug] [2023-08-24T09:20:03.121Z] <<< [apiv2][status] GET https://firebase.googleapis.com/v1beta1/projects 200
[debug] [2023-08-24T09:20:03.122Z] <<< [apiv2][body] GET https://firebase.googleapis.com/v1beta1/projects [omitted]
[info] i  Using project my-1-wb (My React App) 
[info] 
=== Database Setup
[info] i  database: ensuring required API firebasedatabase.googleapis.com is enabled... 
[debug] [2023-08-24T09:20:05.439Z] >>> [apiv2][query] GET https://serviceusage.googleapis.com/v1/projects/my-1-wb/services/firebasedatabase.googleapis.com [none]
[debug] [2023-08-24T09:20:05.439Z] >>> [apiv2][(partial)header] GET https://serviceusage.googleapis.com/v1/projects/my-1-wb/services/firebasedatabase.googleapis.com x-goog-quota-user=projects/my-1-wb
[debug] [2023-08-24T09:20:08.036Z] <<< [apiv2][status] GET https://serviceusage.googleapis.com/v1/projects/my-1-wb/services/firebasedatabase.googleapis.com 200
[debug] [2023-08-24T09:20:08.037Z] <<< [apiv2][body] GET https://serviceusage.googleapis.com/v1/projects/my-1-wb/services/firebasedatabase.googleapis.com [omitted]
[info] +  database: required API firebasedatabase.googleapis.com is enabled 
[info] 
[debug] [2023-08-24T09:20:08.043Z] >>> [apiv2][query] GET https://firebasedatabase.googleapis.com/v1beta/projects/my-1-wb/locations/-/instances/my-1-wb-default-rtdb [none]
[debug] [2023-08-24T09:20:10.221Z] <<< [apiv2][status] GET https://firebasedatabase.googleapis.com/v1beta/projects/my-1-wb/locations/-/instances/my-1-wb-default-rtdb 200
[debug] [2023-08-24T09:20:10.222Z] <<< [apiv2][body] GET https://firebasedatabase.googleapis.com/v1beta/projects/my-1-wb/locations/-/instances/my-1-wb-default-rtdb {"name":"projects/865633557898/locations/us-central1/instances/my-1-wb-default-rtdb","project":"projects/865633557898","databaseUrl":"https://my-1-wb-default-rtdb.firebaseio.com","type":"DEFAULT_DATABASE","state":"ACTIVE"}
[info] 
[info] Firebase Realtime Database Security Rules allow you to define how your data should be
[info] structured and when your data can be read from and written to.
[info] 
[debug] [2023-08-24T09:20:23.226Z] >>> [apiv2][query] GET https://my-1-wb-default-rtdb.firebaseio.com/.settings/rules.json [none]
[debug] [2023-08-24T09:20:26.202Z] <<< [apiv2][status] GET https://my-1-wb-default-rtdb.firebaseio.com/.settings/rules.json 200
[debug] [2023-08-24T09:20:26.203Z] <<< [apiv2][body] GET https://my-1-wb-default-rtdb.firebaseio.com/.settings/rules.json [stream]
[info] +  Database Rules for my-1-wb-default-rtdb have been written to database.rules.json. 
[info] Future modifications to database.rules.json will update Realtime Database Security Rules when you run
[info] firebase deploy.
[info] 
=== Firestore Setup
[debug] [2023-08-24T09:20:26.226Z] >>> [apiv2][query] GET https://serviceusage.googleapis.com/v1/projects/my-1-wb/services/firestore.googleapis.com [none]
[debug] [2023-08-24T09:20:26.227Z] >>> [apiv2][(partial)header] GET https://serviceusage.googleapis.com/v1/projects/my-1-wb/services/firestore.googleapis.com x-goog-quota-user=projects/my-1-wb
[debug] [2023-08-24T09:20:28.689Z] <<< [apiv2][status] GET https://serviceusage.googleapis.com/v1/projects/my-1-wb/services/firestore.googleapis.com 200
[debug] [2023-08-24T09:20:28.690Z] <<< [apiv2][body] GET https://serviceusage.googleapis.com/v1/projects/my-1-wb/services/firestore.googleapis.com [omitted]
[debug] [2023-08-24T09:20:28.691Z] >>> [apiv2][query] GET https://firestore.googleapis.com/v1/projects/my-1-wb/databases/(default) [none]
[debug] [2023-08-24T09:20:30.739Z] <<< [apiv2][status] GET https://firestore.googleapis.com/v1/projects/my-1-wb/databases/(default) 200
[debug] [2023-08-24T09:20:30.740Z] <<< [apiv2][body] GET https://firestore.googleapis.com/v1/projects/my-1-wb/databases/(default) {"name":"projects/my-1-wb/databases/(default)","uid":"77100123-74bf-4340-a975-ad03e87f036c","createTime":"2023-07-23T14:29:31.053131Z","updateTime":"2023-07-23T14:29:31.053131Z","locationId":"nam5","type":"FIRESTORE_NATIVE","concurrencyMode":"PESSIMISTIC","versionRetentionPeriod":"3600s","earliestVersionTime":"2023-08-24T08:20:32.586663Z","appEngineIntegrationMode":"DISABLED","keyPrefix":"s","pointInTimeRecoveryEnablement":"POINT_IN_TIME_RECOVERY_DISABLED","deleteProtectionState":"DELETE_PROTECTION_DISABLED","etag":"IPvQq+v79IADMN3h3JmRpYAD"}
[debug] [2023-08-24T09:20:30.741Z] database_type: FIRESTORE_NATIVE
[debug] [2023-08-24T09:20:30.742Z] > command requires scopes: ["email","openid","https://www.googleapis.com/auth/cloudplatformprojects.readonly","https://www.googleapis.com/auth/firebase","https://www.googleapis.com/auth/cloud-platform"]
[debug] [2023-08-24T09:20:30.743Z] > authorizing via signed-in user (issadeenabdiali@gmail.com)
[debug] [2023-08-24T09:20:30.744Z] [iam] checking project my-1-wb for permissions ["firebase.projects.get"]
[debug] [2023-08-24T09:20:30.747Z] >>> [apiv2][query] POST https://cloudresourcemanager.googleapis.com/v1/projects/my-1-wb:testIamPermissions [none]
[debug] [2023-08-24T09:20:30.747Z] >>> [apiv2][(partial)header] POST https://cloudresourcemanager.googleapis.com/v1/projects/my-1-wb:testIamPermissions x-goog-quota-user=projects/my-1-wb
[debug] [2023-08-24T09:20:30.748Z] >>> [apiv2][body] POST https://cloudresourcemanager.googleapis.com/v1/projects/my-1-wb:testIamPermissions {"permissions":["firebase.projects.get"]}
[debug] [2023-08-24T09:20:32.779Z] <<< [apiv2][status] POST https://cloudresourcemanager.googleapis.com/v1/projects/my-1-wb:testIamPermissions 200
[debug] [2023-08-24T09:20:32.779Z] <<< [apiv2][body] POST https://cloudresourcemanager.googleapis.com/v1/projects/my-1-wb:testIamPermissions {"permissions":["firebase.projects.get"]}
[info] 
[info] Firestore Security Rules allow you to define how and when to allow
[info] requests. You can keep these rules in your project directory
[info] and publish them with firebase deploy.
[info] 
[debug] [2023-08-24T09:20:34.982Z] >>> [apiv2][query] GET https://firebaserules.googleapis.com/v1/projects/my-1-wb/releases pageSize=10&pageToken=
[debug] [2023-08-24T09:20:36.589Z] <<< [apiv2][status] GET https://firebaserules.googleapis.com/v1/projects/my-1-wb/releases 200
[debug] [2023-08-24T09:20:36.590Z] <<< [apiv2][body] GET https://firebaserules.googleapis.com/v1/projects/my-1-wb/releases {"releases":[{"name":"projects/my-1-wb/releases/cloud.firestore","rulesetName":"projects/my-1-wb/rulesets/711c66a1-6024-4b41-bc62-4fa8d383104f","createTime":"2023-07-23T14:29:37.352709Z","updateTime":"2023-08-13T11:04:53.334941Z"}]}
[debug] [2023-08-24T09:20:36.591Z] Found ruleset: projects/my-1-wb/rulesets/711c66a1-6024-4b41-bc62-4fa8d383104f
[debug] [2023-08-24T09:20:36.592Z] >>> [apiv2][query] GET https://firebaserules.googleapis.com/v1/projects/my-1-wb/rulesets/711c66a1-6024-4b41-bc62-4fa8d383104f [none]
[debug] [2023-08-24T09:20:37.383Z] <<< [apiv2][status] GET https://firebaserules.googleapis.com/v1/projects/my-1-wb/rulesets/711c66a1-6024-4b41-bc62-4fa8d383104f 200
[debug] [2023-08-24T09:20:37.384Z] <<< [apiv2][body] GET https://firebaserules.googleapis.com/v1/projects/my-1-wb/rulesets/711c66a1-6024-4b41-bc62-4fa8d383104f [omitted]
[info] 
[info] Firestore indexes allow you to perform complex queries while
[info] maintaining performance that scales with the size of the result
[info] set. You can keep index definitions in your project directory
[info] and publish them with firebase deploy.
[info] 
[debug] [2023-08-24T09:20:40.637Z] >>> [apiv2][query] GET https://firestore.googleapis.com/v1/projects/my-1-wb/databases/(default)/collectionGroups/-/indexes [none]
[debug] [2023-08-24T09:20:40.639Z] >>> [apiv2][query] GET https://firestore.googleapis.com/v1/projects/my-1-wb/databases/(default)/collectionGroups/-/fields?filter=indexConfig.usesAncestorConfig=false OR ttlConfig:* [none]
[debug] [2023-08-24T09:20:42.696Z] <<< [apiv2][status] GET https://firestore.googleapis.com/v1/projects/my-1-wb/databases/(default)/collectionGroups/-/indexes 200
[debug] [2023-08-24T09:20:42.697Z] <<< [apiv2][body] GET https://firestore.googleapis.com/v1/projects/my-1-wb/databases/(default)/collectionGroups/-/indexes {}
[debug] [2023-08-24T09:20:42.713Z] <<< [apiv2][status] GET https://firestore.googleapis.com/v1/projects/my-1-wb/databases/(default)/collectionGroups/-/fields?filter=indexConfig.usesAncestorConfig=false OR ttlConfig:* 200
[debug] [2023-08-24T09:20:42.713Z] <<< [apiv2][body] GET https://firestore.googleapis.com/v1/projects/my-1-wb/databases/(default)/collectionGroups/-/fields?filter=indexConfig.usesAncestorConfig=false OR ttlConfig:* {"fields":[{"name":"projects/my-1-wb/databases/(default)/collectionGroups/__default__/fields/*","indexConfig":{"indexes":[{"queryScope":"COLLECTION","fields":[{"fieldPath":"*","order":"ASCENDING"}],"state":"READY"},{"queryScope":"COLLECTION","fields":[{"fieldPath":"*","order":"DESCENDING"}],"state":"READY"},{"queryScope":"COLLECTION","fields":[{"fieldPath":"*","arrayConfig":"CONTAINS"}],"state":"READY"}]}}]}
[info] 
=== Functions Setup
[debug] [2023-08-24T09:20:42.716Z] > command requires scopes: ["email","openid","https://www.googleapis.com/auth/cloudplatformprojects.readonly","https://www.googleapis.com/auth/firebase","https://www.googleapis.com/auth/cloud-platform"]
[debug] [2023-08-24T09:20:42.717Z] > authorizing via signed-in user (issadeenabdiali@gmail.com)
[debug] [2023-08-24T09:20:42.717Z] [iam] checking project my-1-wb for permissions ["firebase.projects.get"]
[debug] [2023-08-24T09:20:42.717Z] >>> [apiv2][query] POST https://cloudresourcemanager.googleapis.com/v1/projects/my-1-wb:testIamPermissions [none]
[debug] [2023-08-24T09:20:42.717Z] >>> [apiv2][(partial)header] POST https://cloudresourcemanager.googleapis.com/v1/projects/my-1-wb:testIamPermissions x-goog-quota-user=projects/my-1-wb
[debug] [2023-08-24T09:20:42.717Z] >>> [apiv2][body] POST https://cloudresourcemanager.googleapis.com/v1/projects/my-1-wb:testIamPermissions {"permissions":["firebase.projects.get"]}
[debug] [2023-08-24T09:20:44.555Z] <<< [apiv2][status] POST https://cloudresourcemanager.googleapis.com/v1/projects/my-1-wb:testIamPermissions 200
[debug] [2023-08-24T09:20:44.555Z] <<< [apiv2][body] POST https://cloudresourcemanager.googleapis.com/v1/projects/my-1-wb:testIamPermissions {"permissions":["firebase.projects.get"]}
[debug] [2023-08-24T09:20:44.556Z] >>> [apiv2][query] GET https://serviceusage.googleapis.com/v1/projects/my-1-wb/services/cloudfunctions.googleapis.com [none]
[debug] [2023-08-24T09:20:44.557Z] >>> [apiv2][(partial)header] GET https://serviceusage.googleapis.com/v1/projects/my-1-wb/services/cloudfunctions.googleapis.com x-goog-quota-user=projects/my-1-wb
[debug] [2023-08-24T09:20:44.567Z] >>> [apiv2][query] GET https://serviceusage.googleapis.com/v1/projects/my-1-wb/services/runtimeconfig.googleapis.com [none]
[debug] [2023-08-24T09:20:44.567Z] >>> [apiv2][(partial)header] GET https://serviceusage.googleapis.com/v1/projects/my-1-wb/services/runtimeconfig.googleapis.com x-goog-quota-user=projects/my-1-wb
[debug] [2023-08-24T09:20:46.605Z] <<< [apiv2][status] GET https://serviceusage.googleapis.com/v1/projects/my-1-wb/services/cloudfunctions.googleapis.com 200
[debug] [2023-08-24T09:20:46.606Z] <<< [apiv2][body] GET https://serviceusage.googleapis.com/v1/projects/my-1-wb/services/cloudfunctions.googleapis.com [omitted]
[debug] [2023-08-24T09:20:46.608Z] >>> [apiv2][query] POST https://serviceusage.googleapis.com/v1/projects/my-1-wb/services/cloudfunctions.googleapis.com:enable [none]
[debug] [2023-08-24T09:20:46.608Z] >>> [apiv2][(partial)header] POST https://serviceusage.googleapis.com/v1/projects/my-1-wb/services/cloudfunctions.googleapis.com:enable x-goog-quota-user=projects/my-1-wb
[debug] [2023-08-24T09:20:46.625Z] <<< [apiv2][status] GET https://serviceusage.googleapis.com/v1/projects/my-1-wb/services/runtimeconfig.googleapis.com 200
[debug] [2023-08-24T09:20:46.626Z] <<< [apiv2][body] GET https://serviceusage.googleapis.com/v1/projects/my-1-wb/services/runtimeconfig.googleapis.com [omitted]
[debug] [2023-08-24T09:20:49.537Z] <<< [apiv2][status] POST https://serviceusage.googleapis.com/v1/projects/my-1-wb/services/cloudfunctions.googleapis.com:enable 200
[debug] [2023-08-24T09:20:49.538Z] <<< [apiv2][body] POST https://serviceusage.googleapis.com/v1/projects/my-1-wb/services/cloudfunctions.googleapis.com:enable [omitted]
[debug] [2023-08-24T09:20:59.550Z] >>> [apiv2][query] GET https://serviceusage.googleapis.com/v1/projects/my-1-wb/services/cloudfunctions.googleapis.com [none]
[debug] [2023-08-24T09:20:59.550Z] >>> [apiv2][(partial)header] GET https://serviceusage.googleapis.com/v1/projects/my-1-wb/services/cloudfunctions.googleapis.com x-goog-quota-user=projects/my-1-wb
[debug] [2023-08-24T09:21:01.640Z] <<< [apiv2][status] GET https://serviceusage.googleapis.com/v1/projects/my-1-wb/services/cloudfunctions.googleapis.com 200
[debug] [2023-08-24T09:21:01.641Z] <<< [apiv2][body] GET https://serviceusage.googleapis.com/v1/projects/my-1-wb/services/cloudfunctions.googleapis.com [omitted]
[info] Let's create a new codebase for your functions.
[info] A directory corresponding to the codebase will be created in your project
[info] with sample code pre-configured.

[info] See https://firebase.google.com/docs/functions/organize-functions for
[info] more information on organizing your functions using codebases.

[info] Functions can be deployed with firebase deploy.

[info] +  Wrote functions/package.json 
[info] +  Wrote functions/index.js 
[info] +  Wrote functions/.gitignore 
[debug] [2023-08-24T09:23:58.444Z] ----------------------------------------------------------------------
[debug] [2023-08-24T09:23:58.450Z] Command:       C:\Program Files\nodejs\node.exe C:\Users\Saddam\AppData\Roaming\npm\node_modules\firebase-tools\lib\bin\firebase.js deploy
[debug] [2023-08-24T09:23:58.451Z] CLI Version:   12.5.1
[debug] [2023-08-24T09:23:58.452Z] Platform:      win32
[debug] [2023-08-24T09:23:58.452Z] Node Version:  v18.17.0
[debug] [2023-08-24T09:23:58.453Z] Time:          Thu Aug 24 2023 12:23:58 GMT+0300 (East Africa Time)
[debug] [2023-08-24T09:23:58.454Z] ----------------------------------------------------------------------
[debug] 
[debug] [2023-08-24T09:24:03.569Z] Error: Timed out.
    at Timeout._onTimeout (C:\Users\Saddam\AppData\Roaming\npm\node_modules\firebase-tools\lib\utils.js:254:49)
    at listOnTimeout (node:internal/timers:569:17)
    at process.processTimers (node:internal/timers:512:7)
[error] 
[error] Error: An unexpected error has occurred.
[info] 
[error] NPM install failed, continuing with Firebase initialization...
[info] 
=== Hosting Setup
[info] 
[info] Your public directory is the folder (relative to your project directory) that
[info] will contain Hosting assets to be uploaded with firebase deploy. If you
[info] have a build process for your assets, use your build's output directory.
[info] 
[info] +  Wrote public/404.html 
[debug] [2023-08-24T09:32:08.410Z] >>> [apiv2][query] GET https://www.gstatic.com/firebasejs/releases.json [none]
[debug] [2023-08-24T09:32:08.885Z] <<< [apiv2][status] GET https://www.gstatic.com/firebasejs/releases.json 200
[debug] [2023-08-24T09:32:08.885Z] <<< [apiv2][body] GET https://www.gstatic.com/firebasejs/releases.json {"current":{"version":"10.3.0","browserURL":"https://www.gstatic.com/firebasejs/10.3.0/firebase.js","packageURL":"https://www.gstatic.com/firebasejs/10.3.0/firebase.tgz"},"live":{"version":"10.3","browserURL":"https://www.gstatic.com/firebasejs/live/10.3/firebase.js","packageURL":"https://www.gstatic.com/firebasejs/live/10.3/firebase.tgz"},"components":{"analytics":"https://www.gstatic.com/firebasejs/10.3.0/firebase-analytics.js","app":"https://www.gstatic.com/firebasejs/10.3.0/firebase-app.js","app-check":"https://www.gstatic.com/firebasejs/10.3.0/firebase-app-check.js","auth":"https://www.gstatic.com/firebasejs/10.3.0/firebase-auth.js","auth/cordova":"https://www.gstatic.com/firebasejs/10.3.0/firebase-auth/cordova.js","functions":"https://www.gstatic.com/firebasejs/10.3.0/firebase-functions.js","firestore":"https://www.gstatic.com/firebasejs/10.3.0/firebase-firestore.js","firestore/lite":"https://www.gstatic.com/firebasejs/10.3.0/firebase-firestore/lite.js","installations":"https://www.gstatic.com/firebasejs/10.3.0/firebase-installations.js","storage":"https://www.gstatic.com/firebasejs/10.3.0/firebase-storage.js","performance":"https://www.gstatic.com/firebasejs/10.3.0/firebase-performance.js","remote-config":"https://www.gstatic.com/firebasejs/10.3.0/firebase-remote-config.js","messaging":"https://www.gstatic.com/firebasejs/10.3.0/firebase-messaging.js","messaging/sw":"https://www.gstatic.com/firebasejs/10.3.0/firebase-messaging/sw.js","database":"https://www.gstatic.com/firebasejs/10.3.0/firebase-database.js","firestore.memory":"https://www.gstatic.com/firebasejs/10.3.0/firebase-firestore.memory.js"}}
[info] +  Wrote public/index.html 
[info] 
[info] i  Didn't detect a .git folder. Assuming C:\Users\Saddam\Pictures\23 is the project root. 
[info] i  Authorizing with GitHub to upload your service account to a GitHub repository's secrets store. 
[info] 
[info] Visit this URL on this device to log in:
[info] https://github.com/login/oauth/authorize?client_id=89cf50f02ac6aaed3484&state=989032133&redirect_uri=http%3A%2F%2Flocalhost%3A9005&scope=read%3Auser%20repo%20public_repo
[info] 
[info] Waiting for authentication...
[debug] [2023-08-24T09:34:10.005Z] >>> [apiv2][query] POST https://github.com/login/oauth/access_token [none]
[debug] [2023-08-24T09:34:10.005Z] >>> [apiv2][body] POST https://github.com/login/oauth/access_token [stream]
[debug] [2023-08-24T09:34:10.683Z] <<< [apiv2][status] POST https://github.com/login/oauth/access_token 200
[debug] [2023-08-24T09:34:10.683Z] <<< [apiv2][body] POST https://github.com/login/oauth/access_token {"access_token":"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","token_type":"bearer","scope":"read:user,repo"}
[debug] [2023-08-24T09:34:10.706Z] >>> [apiv2][query] GET https://api.github.com/user [none]
[debug] [2023-08-24T09:34:11.464Z] <<< [apiv2][status] GET https://api.github.com/user 200
[debug] [2023-08-24T09:34:11.464Z] <<< [apiv2][body] GET https://api.github.com/user {"login":"Issadeen","id":75924084,"node_id":"MDQ6VXNlcjc1OTI0MDg0","avatar_url":"https://avatars.githubusercontent.com/u/75924084?v=4","gravatar_id":"","url":"https://api.github.com/users/Issadeen","html_url":"https://github.com/Issadeen","followers_url":"https://api.github.com/users/Issadeen/followers","following_url":"https://api.github.com/users/Issadeen/following{/other_user}","gists_url":"https://api.github.com/users/Issadeen/gists{/gist_id}","starred_url":"https://api.github.com/users/Issadeen/starred{/owner}{/repo}","subscriptions_url":"https://api.github.com/users/Issadeen/subscriptions","organizations_url":"https://api.github.com/users/Issadeen/orgs","repos_url":"https://api.github.com/users/Issadeen/repos","events_url":"https://api.github.com/users/Issadeen/events{/privacy}","received_events_url":"https://api.github.com/users/Issadeen/received_events","type":"User","site_admin":false,"name":null,"company":null,"blog":"","location":null,"email":null,"hireable":null,"bio":null,"twitter_username":null,"public_repos":19,"public_gists":0,"followers":1,"following":21,"created_at":"2020-12-13T05:43:53Z","updated_at":"2023-08-24T09:33:56Z","private_gists":0,"total_private_repos":4,"owned_private_repos":4,"disk_usage":91361,"collaborators":0,"two_factor_authentication":false,"plan":{"name":"pro","space":976562499,"collaborators":0,"private_repos":9999}}
[info] 
[info] +  Success! Logged into GitHub as Issadeen 
[info] 
[debug] [2023-08-24T09:34:31.381Z] >>> [apiv2][query] GET https://api.github.com/repos//actions/secrets/public-key type=owner
[debug] [2023-08-24T09:34:31.981Z] <<< [apiv2][status] GET https://api.github.com/repos//actions/secrets/public-key 404
[debug] [2023-08-24T09:34:31.982Z] <<< [apiv2][body] GET https://api.github.com/repos//actions/secrets/public-key {"message":"Not Found","documentation_url":"https://docs.github.com/rest"}
[info] 
[info] 
[error] !  The provided authorization cannot be used with this repository. If this repository is in an organization, did you remember to grant access? 
[info] 
[info] i  Action required: Visit this URL to ensure access has been granted to the appropriate organization(s) for the Firebase CLI GitHub OAuth App: 
[info] https://github.com/settings/connections/applications/89cf50f02ac6aaed3484
[info] 
